<?xml version="1.0" encoding="UTF-8"?>
<!-- Generated by org.testng.reporters.JUnitReportReporter -->
<testsuite hostname="DESKTOP-MG5PQ48" failures="0" tests="1" name="eBay_Test.EbayTest" time="15.775" errors="0" timestamp="2023-08-04T05:38:47 IST" skipped="0">
  <testcase classname="eBay_Test.EbayTest" name="verifyText001" time="15.775"/>
  <system-out>
    <![CDATA[Running Tc
Irresistible luxury from head to toe
waiting for 1000 ms
Actual & Expected Matched]]>
  </system-out>
</testsuite> <!-- eBay_Test.EbayTest -->
